2015/12/09 19:59:10 [error] [system.db.CDbCommand] Error in preparing SQL: DELETE FROM 'YiiSession' WHERE expire<:expire
in D:\xampp\htdocs\bluesms\protected\views\layouts\main.php (35)
in D:\xampp\htdocs\bluesms\protected\views\layouts\column1.php (6)
in D:\xampp\htdocs\bluesms\protected\controllers\SiteController.php (32)
2015/12/09 19:59:10 [error] [system.db.CDbCommand] CDbCommand::execute() failed: CDbCommand failed to prepare the SQL statement: SQLSTATE[HY000]: General error: 1 no such table: YiiSession. The SQL statement executed was: DELETE FROM 'YiiSession' WHERE expire<:expire.
in D:\xampp\htdocs\bluesms\protected\views\layouts\main.php (35)
in D:\xampp\htdocs\bluesms\protected\views\layouts\column1.php (6)
in D:\xampp\htdocs\bluesms\protected\controllers\SiteController.php (32)
2015/12/09 20:01:07 [error] [exception.CException] exception 'CException' with message 'Alias "bootstrap.widgets.TbHeroUnit" is invalid. Make sure it points to an existing directory or file.' in D:\xampp\htdocs\bluesms\yii\framework\YiiBase.php:347
Stack trace:
#0 D:\xampp\htdocs\bluesms\yii\framework\web\CWidgetFactory.php(146): YiiBase::import('bootstrap.widge...', true)
#1 D:\xampp\htdocs\bluesms\yii\framework\web\CBaseController.php(146): CWidgetFactory->createWidget(Object(SiteController), 'bootstrap.widge...', Array)
#2 D:\xampp\htdocs\bluesms\yii\framework\web\CBaseController.php(189): CBaseController->createWidget('bootstrap.widge...', Array)
#3 D:\xampp\htdocs\bluesms\themes\bootstrap\views\site\index.php(9): CBaseController->beginWidget('bootstrap.widge...', Array)
#4 D:\xampp\htdocs\bluesms\yii\framework\web\CBaseController.php(126): require('D:\xampp\htdocs...')
#5 D:\xampp\htdocs\bluesms\yii\framework\web\CBaseController.php(95): CBaseController->renderInternal('D:\xampp\htdocs...', NULL, true)
#6 D:\xampp\htdocs\bluesms\yii\framework\web\CController.php(869): CBaseController->renderFile('D:\xampp\htdocs...', NULL, true)
#7 D:\xampp\htdocs\bluesms\yii\framework\web\CController.php(782): CController->renderPartial('index', NULL, true)
#8 D:\xampp\htdocs\bluesms\protected\controllers\SiteController.php(32): CController->render('index')
#9 D:\xampp\htdocs\bluesms\yii\framework\web\actions\CInlineAction.php(49): SiteController->actionIndex()
#10 D:\xampp\htdocs\bluesms\yii\framework\web\CController.php(308): CInlineAction->runWithParams(Array)
#11 D:\xampp\htdocs\bluesms\yii\framework\web\CController.php(286): CController->runAction(Object(CInlineAction))
#12 D:\xampp\htdocs\bluesms\yii\framework\web\CController.php(265): CController->runActionWithFilters(Object(CInlineAction), Array)
#13 D:\xampp\htdocs\bluesms\yii\framework\web\CWebApplication.php(282): CController->run('')
#14 D:\xampp\htdocs\bluesms\yii\framework\web\CWebApplication.php(141): CWebApplication->runController('')
#15 D:\xampp\htdocs\bluesms\yii\framework\base\CApplication.php(180): CWebApplication->processRequest()
#16 D:\xampp\htdocs\bluesms\index.php(13): CApplication->run()
#17 {main}
REQUEST_URI=/bluesms/
---
2015/12/09 20:04:29 [error] [exception.CHttpException.404] exception 'CHttpException' with message 'Unable to resolve the request "css/form_login/style.css".' in D:\xampp\htdocs\bluesms\yii\framework\web\CWebApplication.php:286
Stack trace:
#0 D:\xampp\htdocs\bluesms\yii\framework\web\CWebApplication.php(141): CWebApplication->runController('css/form_login/...')
#1 D:\xampp\htdocs\bluesms\yii\framework\base\CApplication.php(180): CWebApplication->processRequest()
#2 D:\xampp\htdocs\bluesms\index.php(13): CApplication->run()
#3 {main}
REQUEST_URI=/bluesms/css/form_login/style.css
HTTP_REFERER=http://localhost:8080/bluesms/site/login
---
2015/12/09 20:04:29 [error] [exception.CHttpException.404] exception 'CHttpException' with message 'Unable to resolve the request "css/form_login/demo.css".' in D:\xampp\htdocs\bluesms\yii\framework\web\CWebApplication.php:286
Stack trace:
#0 D:\xampp\htdocs\bluesms\yii\framework\web\CWebApplication.php(141): CWebApplication->runController('css/form_login/...')
#1 D:\xampp\htdocs\bluesms\yii\framework\base\CApplication.php(180): CWebApplication->processRequest()
#2 D:\xampp\htdocs\bluesms\index.php(13): CApplication->run()
#3 {main}
REQUEST_URI=/bluesms/css/form_login/demo.css
HTTP_REFERER=http://localhost:8080/bluesms/site/login
---
2015/12/09 20:04:31 [error] [exception.CHttpException.404] exception 'CHttpException' with message 'Unable to resolve the request "css/form_login/demo.css".' in D:\xampp\htdocs\bluesms\yii\framework\web\CWebApplication.php:286
Stack trace:
#0 D:\xampp\htdocs\bluesms\yii\framework\web\CWebApplication.php(141): CWebApplication->runController('css/form_login/...')
#1 D:\xampp\htdocs\bluesms\yii\framework\base\CApplication.php(180): CWebApplication->processRequest()
#2 D:\xampp\htdocs\bluesms\index.php(13): CApplication->run()
#3 {main}
REQUEST_URI=/bluesms/css/form_login/demo.css
HTTP_REFERER=http://localhost:8080/bluesms/site/login
---
2015/12/09 20:04:31 [error] [exception.CHttpException.404] exception 'CHttpException' with message 'Unable to resolve the request "css/form_login/style.css".' in D:\xampp\htdocs\bluesms\yii\framework\web\CWebApplication.php:286
Stack trace:
#0 D:\xampp\htdocs\bluesms\yii\framework\web\CWebApplication.php(141): CWebApplication->runController('css/form_login/...')
#1 D:\xampp\htdocs\bluesms\yii\framework\base\CApplication.php(180): CWebApplication->processRequest()
#2 D:\xampp\htdocs\bluesms\index.php(13): CApplication->run()
#3 {main}
REQUEST_URI=/bluesms/css/form_login/style.css
HTTP_REFERER=http://localhost:8080/bluesms/site/login
---
2015/12/09 20:05:05 [error] [exception.CHttpException.404] exception 'CHttpException' with message 'Unable to resolve the request "css/form_login/style.css".' in D:\xampp\htdocs\bluesms\yii\framework\web\CWebApplication.php:286
Stack trace:
#0 D:\xampp\htdocs\bluesms\yii\framework\web\CWebApplication.php(141): CWebApplication->runController('css/form_login/...')
#1 D:\xampp\htdocs\bluesms\yii\framework\base\CApplication.php(180): CWebApplication->processRequest()
#2 D:\xampp\htdocs\bluesms\index.php(13): CApplication->run()
#3 {main}
REQUEST_URI=/bluesms/css/form_login/style.css
HTTP_REFERER=http://localhost:8080/bluesms/site/login
---
2015/12/09 20:05:05 [error] [exception.CHttpException.404] exception 'CHttpException' with message 'Unable to resolve the request "css/form_login/demo.css".' in D:\xampp\htdocs\bluesms\yii\framework\web\CWebApplication.php:286
Stack trace:
#0 D:\xampp\htdocs\bluesms\yii\framework\web\CWebApplication.php(141): CWebApplication->runController('css/form_login/...')
#1 D:\xampp\htdocs\bluesms\yii\framework\base\CApplication.php(180): CWebApplication->processRequest()
#2 D:\xampp\htdocs\bluesms\index.php(13): CApplication->run()
#3 {main}
REQUEST_URI=/bluesms/css/form_login/demo.css
HTTP_REFERER=http://localhost:8080/bluesms/site/login
---
2015/12/09 20:06:20 [error] [exception.CHttpException.404] exception 'CHttpException' with message 'Unable to resolve the request "images/bg.jpg".' in D:\xampp\htdocs\bluesms\yii\framework\web\CWebApplication.php:286
Stack trace:
#0 D:\xampp\htdocs\bluesms\yii\framework\web\CWebApplication.php(141): CWebApplication->runController('images/bg.jpg')
#1 D:\xampp\htdocs\bluesms\yii\framework\base\CApplication.php(180): CWebApplication->processRequest()
#2 D:\xampp\htdocs\bluesms\index.php(13): CApplication->run()
#3 {main}
REQUEST_URI=/bluesms/images/bg.jpg
HTTP_REFERER=http://localhost:8080/bluesms/css/form_login/demo.css
---
2015/12/09 20:43:08 [error] [system.db.CDbCommand] CDbCommand::execute() failed: SQLSTATE[42S02]: Base table or view not found: 1146 Table 'bluesms.yiisession' doesn't exist. The SQL statement executed was: DELETE FROM `YiiSession` WHERE expire<:expire.
in D:\xampp\htdocs\bluesms\protected\models\LoginForm.php (71)
in D:\xampp\htdocs\bluesms\protected\controllers\SiteController.php (94)
in D:\xampp\htdocs\bluesms\index.php (13)
2015/12/09 21:38:10 [error] [php] Undefined variable: notifi (D:\xampp\htdocs\bluesms\themes\bootstrap\views\layouts\main.php:24)
Stack trace:
#0 D:\xampp\htdocs\bluesms\yii\framework\web\widgets\CContentDecorator.php(76): SiteController->renderFile()
#1 D:\xampp\htdocs\bluesms\yii\framework\web\widgets\CContentDecorator.php(54): CContentDecorator->decorate()
#2 D:\xampp\htdocs\bluesms\yii\framework\web\widgets\COutputProcessor.php(44): CContentDecorator->processOutput()
#3 D:\xampp\htdocs\bluesms\yii\framework\web\CBaseController.php(206): CContentDecorator->run()
#4 D:\xampp\htdocs\bluesms\yii\framework\web\CBaseController.php(300): SiteController->endWidget()
#5 D:\xampp\htdocs\bluesms\protected\views\layouts\column1.php(6): SiteController->endContent()
#6 D:\xampp\htdocs\bluesms\yii\framework\web\CBaseController.php(126): require()
#7 D:\xampp\htdocs\bluesms\yii\framework\web\CBaseController.php(95): SiteController->renderInternal()
#8 D:\xampp\htdocs\bluesms\yii\framework\web\CController.php(784): SiteController->renderFile()
#9 D:\xampp\htdocs\bluesms\protected\controllers\SiteController.php(32): SiteController->render()
#10 D:\xampp\htdocs\bluesms\yii\framework\web\actions\CInlineAction.php(49): SiteController->actionIndex()
#11 D:\xampp\htdocs\bluesms\yii\framework\web\CController.php(308): CInlineAction->runWithParams()
#12 D:\xampp\htdocs\bluesms\yii\framework\web\CController.php(286): SiteController->runAction()
#13 D:\xampp\htdocs\bluesms\yii\framework\web\CController.php(265): SiteController->runActionWithFilters()
#14 D:\xampp\htdocs\bluesms\yii\framework\web\CWebApplication.php(282): SiteController->run()
#15 D:\xampp\htdocs\bluesms\yii\framework\web\CWebApplication.php(141): CWebApplication->runController()
#16 D:\xampp\htdocs\bluesms\yii\framework\base\CApplication.php(180): CWebApplication->processRequest()
#17 D:\xampp\htdocs\bluesms\index.php(13): CWebApplication->run()
REQUEST_URI=/bluesms/site/index
in D:\xampp\htdocs\bluesms\themes\bootstrap\views\layouts\main.php (24)
in D:\xampp\htdocs\bluesms\protected\views\layouts\column1.php (6)
in D:\xampp\htdocs\bluesms\protected\controllers\SiteController.php (32)
2015/12/09 21:38:44 [error] [php] include(PrMembers.php): failed to open stream: No such file or directory (D:\xampp\htdocs\bluesms\yii\framework\YiiBase.php:427)
Stack trace:
#0 D:\xampp\htdocs\bluesms\themes\bootstrap\views\layouts\main.php(27): spl_autoload_call()
#1 D:\xampp\htdocs\bluesms\yii\framework\web\CBaseController.php(126): require()
#2 D:\xampp\htdocs\bluesms\yii\framework\web\CBaseController.php(95): SiteController->renderInternal()
#3 D:\xampp\htdocs\bluesms\yii\framework\web\widgets\CContentDecorator.php(76): SiteController->renderFile()
#4 D:\xampp\htdocs\bluesms\yii\framework\web\widgets\CContentDecorator.php(54): CContentDecorator->decorate()
#5 D:\xampp\htdocs\bluesms\yii\framework\web\widgets\COutputProcessor.php(44): CContentDecorator->processOutput()
#6 D:\xampp\htdocs\bluesms\yii\framework\web\CBaseController.php(206): CContentDecorator->run()
#7 D:\xampp\htdocs\bluesms\yii\framework\web\CBaseController.php(300): SiteController->endWidget()
#8 D:\xampp\htdocs\bluesms\protected\views\layouts\column1.php(6): SiteController->endContent()
#9 D:\xampp\htdocs\bluesms\yii\framework\web\CBaseController.php(126): require()
#10 D:\xampp\htdocs\bluesms\yii\framework\web\CBaseController.php(95): SiteController->renderInternal()
#11 D:\xampp\htdocs\bluesms\yii\framework\web\CController.php(784): SiteController->renderFile()
#12 D:\xampp\htdocs\bluesms\protected\controllers\SiteController.php(32): SiteController->render()
#13 D:\xampp\htdocs\bluesms\yii\framework\web\actions\CInlineAction.php(49): SiteController->actionIndex()
#14 D:\xampp\htdocs\bluesms\yii\framework\web\CController.php(308): CInlineAction->runWithParams()
#15 D:\xampp\htdocs\bluesms\yii\framework\web\CController.php(286): SiteController->runAction()
#16 D:\xampp\htdocs\bluesms\yii\framework\web\CController.php(265): SiteController->runActionWithFilters()
#17 D:\xampp\htdocs\bluesms\yii\framework\web\CWebApplication.php(282): SiteController->run()
#18 D:\xampp\htdocs\bluesms\yii\framework\web\CWebApplication.php(141): CWebApplication->runController()
#19 D:\xampp\htdocs\bluesms\yii\framework\base\CApplication.php(180): CWebApplication->processRequest()
#20 D:\xampp\htdocs\bluesms\index.php(13): CWebApplication->run()
REQUEST_URI=/bluesms/site/index
in D:\xampp\htdocs\bluesms\themes\bootstrap\views\layouts\main.php (27)
in D:\xampp\htdocs\bluesms\protected\views\layouts\column1.php (6)
in D:\xampp\htdocs\bluesms\protected\controllers\SiteController.php (32)
2015/12/09 21:39:05 [error] [exception.CException] exception 'CException' with message 'Members and its behaviors do not have a method or closure named "getIndexURL".' in D:\xampp\htdocs\bluesms\yii\framework\base\CComponent.php:266
Stack trace:
#0 D:\xampp\htdocs\bluesms\yii\framework\db\ar\CActiveRecord.php(227): CComponent->__call('getIndexURL', Array)
#1 D:\xampp\htdocs\bluesms\themes\bootstrap\views\layouts\main.php(27): CActiveRecord->__call('getIndexURL', Array)
#2 D:\xampp\htdocs\bluesms\themes\bootstrap\views\layouts\main.php(27): Members->getIndexURL()
#3 D:\xampp\htdocs\bluesms\yii\framework\web\CBaseController.php(126): require('D:\xampp\htdocs...')
#4 D:\xampp\htdocs\bluesms\yii\framework\web\CBaseController.php(95): CBaseController->renderInternal('D:\xampp\htdocs...', Array, true)
#5 D:\xampp\htdocs\bluesms\yii\framework\web\widgets\CContentDecorator.php(76): CBaseController->renderFile('D:\xampp\htdocs...', Array, true)
#6 D:\xampp\htdocs\bluesms\yii\framework\web\widgets\CContentDecorator.php(54): CContentDecorator->decorate('<div id="conten...')
#7 D:\xampp\htdocs\bluesms\yii\framework\web\widgets\COutputProcessor.php(44): CContentDecorator->processOutput('<div id="conten...')
#8 D:\xampp\htdocs\bluesms\yii\framework\web\CBaseController.php(206): COutputProcessor->run()
#9 D:\xampp\htdocs\bluesms\yii\framework\web\CBaseController.php(300): CBaseController->endWidget('CContentDecorat...')
#10 D:\xampp\htdocs\bluesms\protected\views\layouts\column1.php(6): CBaseController->endContent()
#11 D:\xampp\htdocs\bluesms\yii\framework\web\CBaseController.php(126): require('D:\xampp\htdocs...')
#12 D:\xampp\htdocs\bluesms\yii\framework\web\CBaseController.php(95): CBaseController->renderInternal('D:\xampp\htdocs...', Array, true)
#13 D:\xampp\htdocs\bluesms\yii\framework\web\CController.php(784): CBaseController->renderFile('D:\xampp\htdocs...', Array, true)
#14 D:\xampp\htdocs\bluesms\protected\controllers\SiteController.php(32): CController->render('index')
#15 D:\xampp\htdocs\bluesms\yii\framework\web\actions\CInlineAction.php(49): SiteController->actionIndex()
#16 D:\xampp\htdocs\bluesms\yii\framework\web\CController.php(308): CInlineAction->runWithParams(Array)
#17 D:\xampp\htdocs\bluesms\yii\framework\web\CController.php(286): CController->runAction(Object(CInlineAction))
#18 D:\xampp\htdocs\bluesms\yii\framework\web\CController.php(265): CController->runActionWithFilters(Object(CInlineAction), Array)
#19 D:\xampp\htdocs\bluesms\yii\framework\web\CWebApplication.php(282): CController->run('index')
#20 D:\xampp\htdocs\bluesms\yii\framework\web\CWebApplication.php(141): CWebApplication->runController('site/index')
#21 D:\xampp\htdocs\bluesms\yii\framework\base\CApplication.php(180): CWebApplication->processRequest()
#22 D:\xampp\htdocs\bluesms\index.php(13): CApplication->run()
#23 {main}
REQUEST_URI=/bluesms/site/index
---
2015/12/09 21:39:40 [error] [exception.CException] exception 'CException' with message 'Members and its behaviors do not have a method or closure named "getIndexURL".' in D:\xampp\htdocs\bluesms\yii\framework\base\CComponent.php:266
Stack trace:
#0 D:\xampp\htdocs\bluesms\yii\framework\db\ar\CActiveRecord.php(227): CComponent->__call('getIndexURL', Array)
#1 D:\xampp\htdocs\bluesms\themes\bootstrap\views\layouts\main.php(27): CActiveRecord->__call('getIndexURL', Array)
#2 D:\xampp\htdocs\bluesms\themes\bootstrap\views\layouts\main.php(27): Members->getIndexURL()
#3 D:\xampp\htdocs\bluesms\yii\framework\web\CBaseController.php(126): require('D:\xampp\htdocs...')
#4 D:\xampp\htdocs\bluesms\yii\framework\web\CBaseController.php(95): CBaseController->renderInternal('D:\xampp\htdocs...', Array, true)
#5 D:\xampp\htdocs\bluesms\yii\framework\web\widgets\CContentDecorator.php(76): CBaseController->renderFile('D:\xampp\htdocs...', Array, true)
#6 D:\xampp\htdocs\bluesms\yii\framework\web\widgets\CContentDecorator.php(54): CContentDecorator->decorate('<div id="conten...')
#7 D:\xampp\htdocs\bluesms\yii\framework\web\widgets\COutputProcessor.php(44): CContentDecorator->processOutput('<div id="conten...')
#8 D:\xampp\htdocs\bluesms\yii\framework\web\CBaseController.php(206): COutputProcessor->run()
#9 D:\xampp\htdocs\bluesms\yii\framework\web\CBaseController.php(300): CBaseController->endWidget('CContentDecorat...')
#10 D:\xampp\htdocs\bluesms\protected\views\layouts\column1.php(6): CBaseController->endContent()
#11 D:\xampp\htdocs\bluesms\yii\framework\web\CBaseController.php(126): require('D:\xampp\htdocs...')
#12 D:\xampp\htdocs\bluesms\yii\framework\web\CBaseController.php(95): CBaseController->renderInternal('D:\xampp\htdocs...', Array, true)
#13 D:\xampp\htdocs\bluesms\yii\framework\web\CController.php(784): CBaseController->renderFile('D:\xampp\htdocs...', Array, true)
#14 D:\xampp\htdocs\bluesms\protected\controllers\SiteController.php(32): CController->render('index')
#15 D:\xampp\htdocs\bluesms\yii\framework\web\actions\CInlineAction.php(49): SiteController->actionIndex()
#16 D:\xampp\htdocs\bluesms\yii\framework\web\CController.php(308): CInlineAction->runWithParams(Array)
#17 D:\xampp\htdocs\bluesms\yii\framework\web\CController.php(286): CController->runAction(Object(CInlineAction))
#18 D:\xampp\htdocs\bluesms\yii\framework\web\CController.php(265): CController->runActionWithFilters(Object(CInlineAction), Array)
#19 D:\xampp\htdocs\bluesms\yii\framework\web\CWebApplication.php(282): CController->run('index')
#20 D:\xampp\htdocs\bluesms\yii\framework\web\CWebApplication.php(141): CWebApplication->runController('site/index')
#21 D:\xampp\htdocs\bluesms\yii\framework\base\CApplication.php(180): CWebApplication->processRequest()
#22 D:\xampp\htdocs\bluesms\index.php(13): CApplication->run()
#23 {main}
REQUEST_URI=/bluesms/site/index
---
2015/12/09 22:02:58 [error] [exception.CHttpException.404] exception 'CHttpException' with message 'Unable to resolve the request "0/prCalendar".' in D:\xampp\htdocs\bluesms\yii\framework\web\CWebApplication.php:286
Stack trace:
#0 D:\xampp\htdocs\bluesms\yii\framework\web\CWebApplication.php(141): CWebApplication->runController('0/prCalendar')
#1 D:\xampp\htdocs\bluesms\yii\framework\base\CApplication.php(180): CWebApplication->processRequest()
#2 D:\xampp\htdocs\bluesms\index.php(13): CApplication->run()
#3 {main}
REQUEST_URI=/bluesms/0/prCalendar
HTTP_REFERER=http://localhost:8080/bluesms/site/index
---
2015/12/09 22:02:59 [error] [exception.CHttpException.404] exception 'CHttpException' with message 'Unable to resolve the request "0/prWiki".' in D:\xampp\htdocs\bluesms\yii\framework\web\CWebApplication.php:286
Stack trace:
#0 D:\xampp\htdocs\bluesms\yii\framework\web\CWebApplication.php(141): CWebApplication->runController('0/prWiki')
#1 D:\xampp\htdocs\bluesms\yii\framework\base\CApplication.php(180): CWebApplication->processRequest()
#2 D:\xampp\htdocs\bluesms\index.php(13): CApplication->run()
#3 {main}
REQUEST_URI=/bluesms/0/prWiki
HTTP_REFERER=http://localhost:8080/bluesms/0/prCalendar
---
2015/12/09 22:03:03 [error] [exception.CHttpException.404] exception 'CHttpException' with message 'Unable to resolve the request "0/prCalendar".' in D:\xampp\htdocs\bluesms\yii\framework\web\CWebApplication.php:286
Stack trace:
#0 D:\xampp\htdocs\bluesms\yii\framework\web\CWebApplication.php(141): CWebApplication->runController('0/prCalendar')
#1 D:\xampp\htdocs\bluesms\yii\framework\base\CApplication.php(180): CWebApplication->processRequest()
#2 D:\xampp\htdocs\bluesms\index.php(13): CApplication->run()
#3 {main}
REQUEST_URI=/bluesms/0/prCalendar
HTTP_REFERER=http://localhost:8080/bluesms/
---
2015/12/09 22:03:05 [error] [exception.CHttpException.404] exception 'CHttpException' with message 'Unable to resolve the request "0/prWiki".' in D:\xampp\htdocs\bluesms\yii\framework\web\CWebApplication.php:286
Stack trace:
#0 D:\xampp\htdocs\bluesms\yii\framework\web\CWebApplication.php(141): CWebApplication->runController('0/prWiki')
#1 D:\xampp\htdocs\bluesms\yii\framework\base\CApplication.php(180): CWebApplication->processRequest()
#2 D:\xampp\htdocs\bluesms\index.php(13): CApplication->run()
#3 {main}
REQUEST_URI=/bluesms/0/prWiki
HTTP_REFERER=http://localhost:8080/bluesms/0/prCalendar
---
2015/12/09 22:03:15 [error] [exception.CHttpException.404] exception 'CHttpException' with message 'Unable to resolve the request "0/prWiki".' in D:\xampp\htdocs\bluesms\yii\framework\web\CWebApplication.php:286
Stack trace:
#0 D:\xampp\htdocs\bluesms\yii\framework\web\CWebApplication.php(141): CWebApplication->runController('0/prWiki')
#1 D:\xampp\htdocs\bluesms\yii\framework\base\CApplication.php(180): CWebApplication->processRequest()
#2 D:\xampp\htdocs\bluesms\index.php(13): CApplication->run()
#3 {main}
REQUEST_URI=/bluesms/0/prWiki
HTTP_REFERER=http://localhost:8080/bluesms/
---
2015/12/09 22:03:22 [error] [exception.CHttpException.404] exception 'CHttpException' with message 'Unable to resolve the request "0/prCalendar".' in D:\xampp\htdocs\bluesms\yii\framework\web\CWebApplication.php:286
Stack trace:
#0 D:\xampp\htdocs\bluesms\yii\framework\web\CWebApplication.php(141): CWebApplication->runController('0/prCalendar')
#1 D:\xampp\htdocs\bluesms\yii\framework\base\CApplication.php(180): CWebApplication->processRequest()
#2 D:\xampp\htdocs\bluesms\index.php(13): CApplication->run()
#3 {main}
REQUEST_URI=/bluesms/0/prCalendar
HTTP_REFERER=http://localhost:8080/bluesms/0/prWiki
---
2015/12/09 22:03:23 [error] [exception.CHttpException.404] exception 'CHttpException' with message 'Unable to resolve the request "0/prCalendar".' in D:\xampp\htdocs\bluesms\yii\framework\web\CWebApplication.php:286
Stack trace:
#0 D:\xampp\htdocs\bluesms\yii\framework\web\CWebApplication.php(141): CWebApplication->runController('0/prCalendar')
#1 D:\xampp\htdocs\bluesms\yii\framework\base\CApplication.php(180): CWebApplication->processRequest()
#2 D:\xampp\htdocs\bluesms\index.php(13): CApplication->run()
#3 {main}
REQUEST_URI=/bluesms/0/prCalendar
HTTP_REFERER=http://localhost:8080/bluesms/0/prCalendar
---
2015/12/09 22:04:10 [error] [exception.CHttpException.404] exception 'CHttpException' with message 'Unable to resolve the request "0/prCalendar".' in D:\xampp\htdocs\bluesms\yii\framework\web\CWebApplication.php:286
Stack trace:
#0 D:\xampp\htdocs\bluesms\yii\framework\web\CWebApplication.php(141): CWebApplication->runController('0/prCalendar')
#1 D:\xampp\htdocs\bluesms\yii\framework\base\CApplication.php(180): CWebApplication->processRequest()
#2 D:\xampp\htdocs\bluesms\index.php(13): CApplication->run()
#3 {main}
REQUEST_URI=/bluesms/0/prCalendar
---
2015/12/09 22:04:13 [error] [php] include(TBApplication.php): failed to open stream: No such file or directory (D:\xampp\htdocs\bluesms\yii\framework\YiiBase.php:427)
Stack trace:
#0 D:\xampp\htdocs\bluesms\protected\modules\Members\controllers\DefaultController.php(166): spl_autoload_call()
#1 D:\xampp\htdocs\bluesms\yii\framework\web\actions\CInlineAction.php(49): DefaultController->actionIndex()
#2 D:\xampp\htdocs\bluesms\yii\framework\web\CController.php(308): CInlineAction->runWithParams()
#3 D:\xampp\htdocs\bluesms\yii\framework\web\filters\CFilterChain.php(133): DefaultController->runAction()
#4 D:\xampp\htdocs\bluesms\yii\framework\web\filters\CFilter.php(40): CFilterChain->run()
#5 D:\xampp\htdocs\bluesms\yii\framework\web\CController.php(1145): CAccessControlFilter->filter()
#6 D:\xampp\htdocs\bluesms\yii\framework\web\filters\CInlineFilter.php(58): DefaultController->filterAccessControl()
#7 D:\xampp\htdocs\bluesms\yii\framework\web\filters\CFilterChain.php(130): CInlineFilter->filter()
#8 D:\xampp\htdocs\bluesms\yii\framework\web\CController.php(291): CFilterChain->run()
#9 D:\xampp\htdocs\bluesms\yii\framework\web\CController.php(265): DefaultController->runActionWithFilters()
#10 D:\xampp\htdocs\bluesms\yii\framework\web\CWebApplication.php(282): DefaultController->run()
#11 D:\xampp\htdocs\bluesms\yii\framework\web\CWebApplication.php(141): CWebApplication->runController()
#12 D:\xampp\htdocs\bluesms\yii\framework\base\CApplication.php(180): CWebApplication->processRequest()
#13 D:\xampp\htdocs\bluesms\index.php(13): CWebApplication->run()
REQUEST_URI=/bluesms/Members
in D:\xampp\htdocs\bluesms\protected\modules\Members\controllers\DefaultController.php (166)
in D:\xampp\htdocs\bluesms\index.php (13)
2015/12/09 22:06:32 [error] [exception.CHttpException.404] exception 'CHttpException' with message 'Unable to resolve the request "images/no-user.png".' in D:\xampp\htdocs\bluesms\yii\framework\web\CWebApplication.php:286
Stack trace:
#0 D:\xampp\htdocs\bluesms\yii\framework\web\CWebApplication.php(141): CWebApplication->runController('images/no-user....')
#1 D:\xampp\htdocs\bluesms\yii\framework\base\CApplication.php(180): CWebApplication->processRequest()
#2 D:\xampp\htdocs\bluesms\index.php(13): CApplication->run()
#3 {main}
REQUEST_URI=/bluesms/images/no-user.png
HTTP_REFERER=http://localhost:8080/bluesms/Members/default/view/id/2
---
2015/12/09 22:09:11 [error] [exception.CHttpException.404] exception 'CHttpException' with message 'Unable to resolve the request "images/no-user.png".' in D:\xampp\htdocs\bluesms\yii\framework\web\CWebApplication.php:286
Stack trace:
#0 D:\xampp\htdocs\bluesms\yii\framework\web\CWebApplication.php(141): CWebApplication->runController('images/no-user....')
#1 D:\xampp\htdocs\bluesms\yii\framework\base\CApplication.php(180): CWebApplication->processRequest()
#2 D:\xampp\htdocs\bluesms\index.php(13): CApplication->run()
#3 {main}
REQUEST_URI=/bluesms/images/no-user.png
HTTP_REFERER=http://localhost:8080/bluesms/Members/default/view/id/2
---
2015/12/09 22:09:28 [error] [exception.CHttpException.404] exception 'CHttpException' with message 'Unable to resolve the request "0/prCalendar".' in D:\xampp\htdocs\bluesms\yii\framework\web\CWebApplication.php:286
Stack trace:
#0 D:\xampp\htdocs\bluesms\yii\framework\web\CWebApplication.php(141): CWebApplication->runController('0/prCalendar')
#1 D:\xampp\htdocs\bluesms\yii\framework\base\CApplication.php(180): CWebApplication->processRequest()
#2 D:\xampp\htdocs\bluesms\index.php(13): CApplication->run()
#3 {main}
REQUEST_URI=/bluesms/0/prCalendar
HTTP_REFERER=http://localhost:8080/bluesms/Members
---
2015/12/09 22:09:38 [error] [exception.CHttpException.404] exception 'CHttpException' with message 'Unable to resolve the request "images/no-user.png".' in D:\xampp\htdocs\bluesms\yii\framework\web\CWebApplication.php:286
Stack trace:
#0 D:\xampp\htdocs\bluesms\yii\framework\web\CWebApplication.php(141): CWebApplication->runController('images/no-user....')
#1 D:\xampp\htdocs\bluesms\yii\framework\base\CApplication.php(180): CWebApplication->processRequest()
#2 D:\xampp\htdocs\bluesms\index.php(13): CApplication->run()
#3 {main}
REQUEST_URI=/bluesms/images/no-user.png
HTTP_REFERER=http://localhost:8080/bluesms/Members/default/view/id/2
---
2015/12/09 22:09:48 [error] [exception.CHttpException.404] exception 'CHttpException' with message 'Unable to resolve the request "images/no-user.png".' in D:\xampp\htdocs\bluesms\yii\framework\web\CWebApplication.php:286
Stack trace:
#0 D:\xampp\htdocs\bluesms\yii\framework\web\CWebApplication.php(141): CWebApplication->runController('images/no-user....')
#1 D:\xampp\htdocs\bluesms\yii\framework\base\CApplication.php(180): CWebApplication->processRequest()
#2 D:\xampp\htdocs\bluesms\index.php(13): CApplication->run()
#3 {main}
REQUEST_URI=/bluesms/images/no-user.png
HTTP_REFERER=http://localhost:8080/bluesms/Members/default/view/id/2
---
2015/12/09 22:10:15 [error] [exception.CHttpException.404] exception 'CHttpException' with message 'Unable to resolve the request "0/prWiki".' in D:\xampp\htdocs\bluesms\yii\framework\web\CWebApplication.php:286
Stack trace:
#0 D:\xampp\htdocs\bluesms\yii\framework\web\CWebApplication.php(141): CWebApplication->runController('0/prWiki')
#1 D:\xampp\htdocs\bluesms\yii\framework\base\CApplication.php(180): CWebApplication->processRequest()
#2 D:\xampp\htdocs\bluesms\index.php(13): CApplication->run()
#3 {main}
REQUEST_URI=/bluesms/0/prWiki
HTTP_REFERER=http://localhost:8080/bluesms/Members
---
2015/12/09 22:13:26 [error] [php] Undefined index: label (D:\xampp\htdocs\bluesms\protected\extensions\bootstrap\widgets\TbBaseMenu.php:151)
Stack trace:
#0 D:\xampp\htdocs\bluesms\yii\framework\web\CBaseController.php(173): TbMenu->run()
#1 D:\xampp\htdocs\bluesms\protected\extensions\bootstrap\widgets\TbNavbar.php(155): DefaultController->widget()
#2 D:\xampp\htdocs\bluesms\yii\framework\web\CBaseController.php(173): TbNavbar->run()
#3 D:\xampp\htdocs\bluesms\themes\bootstrap\views\layouts\main.php(41): DefaultController->widget()
#4 D:\xampp\htdocs\bluesms\yii\framework\web\CBaseController.php(126): require()
#5 D:\xampp\htdocs\bluesms\yii\framework\web\CBaseController.php(95): DefaultController->renderInternal()
#6 D:\xampp\htdocs\bluesms\yii\framework\web\widgets\CContentDecorator.php(76): DefaultController->renderFile()
#7 D:\xampp\htdocs\bluesms\yii\framework\web\widgets\CContentDecorator.php(54): CContentDecorator->decorate()
#8 D:\xampp\htdocs\bluesms\yii\framework\web\widgets\COutputProcessor.php(44): CContentDecorator->processOutput()
#9 D:\xampp\htdocs\bluesms\yii\framework\web\CBaseController.php(206): CContentDecorator->run()
#10 D:\xampp\htdocs\bluesms\yii\framework\web\CBaseController.php(300): DefaultController->endWidget()
#11 D:\xampp\htdocs\bluesms\protected\views\layouts\column1.php(6): DefaultController->endContent()
#12 D:\xampp\htdocs\bluesms\yii\framework\web\CBaseController.php(126): require()
#13 D:\xampp\htdocs\bluesms\yii\framework\web\CBaseController.php(95): DefaultController->renderInternal()
#14 D:\xampp\htdocs\bluesms\yii\framework\web\CController.php(784): DefaultController->renderFile()
#15 D:\xampp\htdocs\bluesms\protected\components\TBApplication.php(198): DefaultController->render()
#16 D:\xampp\htdocs\bluesms\protected\modules\Members\controllers\DefaultController.php(168): render()
#17 D:\xampp\htdocs\bluesms\yii\framework\web\actions\CInlineAction.php(49): DefaultController->actionIndex()
#18 D:\xampp\htdocs\bluesms\yii\framework\web\CController.php(308): CInlineAction->runWithParams()
#19 D:\xampp\htdocs\bluesms\yii\framework\web\filters\CFilterChain.php(133): DefaultController->runAction()
#20 D:\xampp\htdocs\bluesms\yii\framework\web\filters\CFilter.php(40): CFilterChain->run()
#21 D:\xampp\htdocs\bluesms\yii\framework\web\CController.php(1145): CAccessControlFilter->filter()
#22 D:\xampp\htdocs\bluesms\yii\framework\web\filters\CInlineFilter.php(58): DefaultController->filterAccessControl()
#23 D:\xampp\htdocs\bluesms\yii\framework\web\filters\CFilterChain.php(130): CInlineFilter->filter()
#24 D:\xampp\htdocs\bluesms\yii\framework\web\CController.php(291): CFilterChain->run()
#25 D:\xampp\htdocs\bluesms\yii\framework\web\CController.php(265): DefaultController->runActionWithFilters()
#26 D:\xampp\htdocs\bluesms\yii\framework\web\CWebApplication.php(282): DefaultController->run()
#27 D:\xampp\htdocs\bluesms\yii\framework\web\CWebApplication.php(141): CWebApplication->runController()
#28 D:\xampp\htdocs\bluesms\yii\framework\base\CApplication.php(180): CWebApplication->processRequest()
#29 D:\xampp\htdocs\bluesms\index.php(13): CWebApplication->run()
REQUEST_URI=/bluesms/Members
in D:\xampp\htdocs\bluesms\protected\extensions\bootstrap\widgets\TbBaseMenu.php (151)
in D:\xampp\htdocs\bluesms\protected\extensions\bootstrap\widgets\TbBaseMenu.php (86)
in D:\xampp\htdocs\bluesms\protected\extensions\bootstrap\widgets\TbNavbar.php (155)
2015/12/09 22:16:13 [error] [exception.CHttpException.404] exception 'CHttpException' with message 'Unable to resolve the request "Members/view".' in D:\xampp\htdocs\bluesms\yii\framework\web\CWebApplication.php:286
Stack trace:
#0 D:\xampp\htdocs\bluesms\yii\framework\web\CWebApplication.php(141): CWebApplication->runController('Members/view')
#1 D:\xampp\htdocs\bluesms\yii\framework\base\CApplication.php(180): CWebApplication->processRequest()
#2 D:\xampp\htdocs\bluesms\index.php(13): CApplication->run()
#3 {main}
REQUEST_URI=/bluesms/Members/1
HTTP_REFERER=http://localhost:8080/bluesms/Members
---
2015/12/09 22:17:36 [error] [exception.CHttpException.404] exception 'CHttpException' with message 'Unable to resolve the request "Members/view".' in D:\xampp\htdocs\bluesms\yii\framework\web\CWebApplication.php:286
Stack trace:
#0 D:\xampp\htdocs\bluesms\yii\framework\web\CWebApplication.php(141): CWebApplication->runController('Members/view')
#1 D:\xampp\htdocs\bluesms\yii\framework\base\CApplication.php(180): CWebApplication->processRequest()
#2 D:\xampp\htdocs\bluesms\index.php(13): CApplication->run()
#3 {main}
REQUEST_URI=/bluesms/Members/1
---
2015/12/09 22:18:36 [error] [exception.CHttpException.404] exception 'CHttpException' with message 'Unable to resolve the request "Members/about".' in D:\xampp\htdocs\bluesms\yii\framework\web\CWebApplication.php:286
Stack trace:
#0 D:\xampp\htdocs\bluesms\yii\framework\web\CWebApplication.php(141): CWebApplication->runController('Members/about')
#1 D:\xampp\htdocs\bluesms\yii\framework\base\CApplication.php(180): CWebApplication->processRequest()
#2 D:\xampp\htdocs\bluesms\index.php(13): CApplication->run()
#3 {main}
REQUEST_URI=/bluesms/Members/about
HTTP_REFERER=http://localhost:8080/bluesms/site/page?view=about
---
2015/12/09 22:19:06 [error] [exception.CHttpException.404] exception 'CHttpException' with message 'Unable to resolve the request "Members/about".' in D:\xampp\htdocs\bluesms\yii\framework\web\CWebApplication.php:286
Stack trace:
#0 D:\xampp\htdocs\bluesms\yii\framework\web\CWebApplication.php(141): CWebApplication->runController('Members/about')
#1 D:\xampp\htdocs\bluesms\yii\framework\base\CApplication.php(180): CWebApplication->processRequest()
#2 D:\xampp\htdocs\bluesms\index.php(13): CApplication->run()
#3 {main}
REQUEST_URI=/bluesms/Members/about
---
2015/12/09 22:19:30 [error] [exception.CHttpException.404] exception 'CHttpException' with message 'Unable to resolve the request "Members/about".' in D:\xampp\htdocs\bluesms\yii\framework\web\CWebApplication.php:286
Stack trace:
#0 D:\xampp\htdocs\bluesms\yii\framework\web\CWebApplication.php(141): CWebApplication->runController('Members/about')
#1 D:\xampp\htdocs\bluesms\yii\framework\base\CApplication.php(180): CWebApplication->processRequest()
#2 D:\xampp\htdocs\bluesms\index.php(13): CApplication->run()
#3 {main}
REQUEST_URI=/bluesms/Members/about
---
2015/12/09 22:19:37 [error] [exception.CException] exception 'CException' with message 'Alias "ext.EAjaxUpload.EAjaxUpload" is invalid. Make sure it points to an existing PHP file and the file is readable.' in D:\xampp\htdocs\bluesms\yii\framework\YiiBase.php:322
Stack trace:
#0 D:\xampp\htdocs\bluesms\yii\framework\web\CWidgetFactory.php(146): YiiBase::import('ext.EAjaxUpload...', true)
#1 D:\xampp\htdocs\bluesms\yii\framework\web\CBaseController.php(146): CWidgetFactory->createWidget(Object(DefaultController), 'ext.EAjaxUpload...', Array)
#2 D:\xampp\htdocs\bluesms\yii\framework\web\CBaseController.php(172): CBaseController->createWidget('ext.EAjaxUpload...', Array)
#3 D:\xampp\htdocs\bluesms\protected\modules\Members\views\default\view.php(107): CBaseController->widget('ext.EAjaxUpload...', Array)
#4 D:\xampp\htdocs\bluesms\yii\framework\web\CBaseController.php(126): require('D:\xampp\htdocs...')
#5 D:\xampp\htdocs\bluesms\yii\framework\web\CBaseController.php(95): CBaseController->renderInternal('D:\xampp\htdocs...', Array, true)
#6 D:\xampp\htdocs\bluesms\yii\framework\web\CController.php(869): CBaseController->renderFile('D:\xampp\htdocs...', Array, true)
#7 D:\xampp\htdocs\bluesms\yii\framework\web\CController.php(782): CController->renderPartial('view', Array, true)
#8 D:\xampp\htdocs\bluesms\protected\components\TBApplication.php(198): CController->render('view', Array, false)
#9 D:\xampp\htdocs\bluesms\protected\modules\Members\controllers\DefaultController.php(57): TBApplication::render(Object(DefaultController), 'view', Array)
#10 [internal function]: DefaultController->actionView('1')
#11 D:\xampp\htdocs\bluesms\yii\framework\web\actions\CAction.php(108): ReflectionMethod->invokeArgs(Object(DefaultController), Array)
#12 D:\xampp\htdocs\bluesms\yii\framework\web\actions\CInlineAction.php(47): CAction->runWithParamsInternal(Object(DefaultController), Object(ReflectionMethod), Array)
#13 D:\xampp\htdocs\bluesms\yii\framework\web\CController.php(308): CInlineAction->runWithParams(Array)
#14 D:\xampp\htdocs\bluesms\yii\framework\web\filters\CFilterChain.php(133): CController->runAction(Object(CInlineAction))
#15 D:\xampp\htdocs\bluesms\yii\framework\web\filters\CFilter.php(40): CFilterChain->run()
#16 D:\xampp\htdocs\bluesms\yii\framework\web\CController.php(1145): CFilter->filter(Object(CFilterChain))
#17 D:\xampp\htdocs\bluesms\yii\framework\web\filters\CInlineFilter.php(58): CController->filterAccessControl(Object(CFilterChain))
#18 D:\xampp\htdocs\bluesms\yii\framework\web\filters\CFilterChain.php(130): CInlineFilter->filter(Object(CFilterChain))
#19 D:\xampp\htdocs\bluesms\yii\framework\web\CController.php(291): CFilterChain->run()
#20 D:\xampp\htdocs\bluesms\yii\framework\web\CController.php(265): CController->runActionWithFilters(Object(CInlineAction), Array)
#21 D:\xampp\htdocs\bluesms\yii\framework\web\CWebApplication.php(282): CController->run('view')
#22 D:\xampp\htdocs\bluesms\yii\framework\web\CWebApplication.php(141): CWebApplication->runController('Members/default...')
#23 D:\xampp\htdocs\bluesms\yii\framework\base\CApplication.php(180): CWebApplication->processRequest()
#24 D:\xampp\htdocs\bluesms\index.php(13): CApplication->run()
#25 {main}
REQUEST_URI=/bluesms/Members/default/view/id/1
HTTP_REFERER=http://localhost:8080/bluesms/Members/about
---
2015/12/09 22:21:33 [error] [exception.CHttpException.404] exception 'CHttpException' with message 'Unable to resolve the request "images/no-user.png".' in D:\xampp\htdocs\bluesms\yii\framework\web\CWebApplication.php:286
Stack trace:
#0 D:\xampp\htdocs\bluesms\yii\framework\web\CWebApplication.php(141): CWebApplication->runController('images/no-user....')
#1 D:\xampp\htdocs\bluesms\yii\framework\base\CApplication.php(180): CWebApplication->processRequest()
#2 D:\xampp\htdocs\bluesms\index.php(13): CApplication->run()
#3 {main}
REQUEST_URI=/bluesms/images/no-user.png
HTTP_REFERER=http://localhost:8080/bluesms/Members/default/view/id/1
---
2015/12/09 22:25:24 [error] [exception.CHttpException.404] exception 'CHttpException' with message 'Unable to resolve the request "images/no-user.png".' in D:\xampp\htdocs\bluesms\yii\framework\web\CWebApplication.php:286
Stack trace:
#0 D:\xampp\htdocs\bluesms\yii\framework\web\CWebApplication.php(141): CWebApplication->runController('images/no-user....')
#1 D:\xampp\htdocs\bluesms\yii\framework\base\CApplication.php(180): CWebApplication->processRequest()
#2 D:\xampp\htdocs\bluesms\index.php(13): CApplication->run()
#3 {main}
REQUEST_URI=/bluesms/images/no-user.png
HTTP_REFERER=http://localhost:8080/bluesms/Members/default/view/id/1
---
2015/12/09 22:25:47 [error] [exception.CHttpException.404] exception 'CHttpException' with message 'Unable to resolve the request "images/no-user.png".' in D:\xampp\htdocs\bluesms\yii\framework\web\CWebApplication.php:286
Stack trace:
#0 D:\xampp\htdocs\bluesms\yii\framework\web\CWebApplication.php(141): CWebApplication->runController('images/no-user....')
#1 D:\xampp\htdocs\bluesms\yii\framework\base\CApplication.php(180): CWebApplication->processRequest()
#2 D:\xampp\htdocs\bluesms\index.php(13): CApplication->run()
#3 {main}
REQUEST_URI=/bluesms/images/no-user.png
HTTP_REFERER=http://localhost:8080/bluesms/Members/default/view/id/1
---
2015/12/09 22:26:28 [error] [exception.CHttpException.404] exception 'CHttpException' with message 'Unable to resolve the request "images/no-user.png".' in D:\xampp\htdocs\bluesms\yii\framework\web\CWebApplication.php:286
Stack trace:
#0 D:\xampp\htdocs\bluesms\yii\framework\web\CWebApplication.php(141): CWebApplication->runController('images/no-user....')
#1 D:\xampp\htdocs\bluesms\yii\framework\base\CApplication.php(180): CWebApplication->processRequest()
#2 D:\xampp\htdocs\bluesms\index.php(13): CApplication->run()
#3 {main}
REQUEST_URI=/bluesms/images/no-user.png
HTTP_REFERER=http://localhost:8080/bluesms/Members/default/view/id/1
---
2015/12/09 22:30:03 [error] [exception.CHttpException.404] exception 'CHttpException' with message 'Unable to resolve the request "0/prCalendar".' in D:\xampp\htdocs\bluesms\yii\framework\web\CWebApplication.php:286
Stack trace:
#0 D:\xampp\htdocs\bluesms\yii\framework\web\CWebApplication.php(141): CWebApplication->runController('0/prCalendar')
#1 D:\xampp\htdocs\bluesms\yii\framework\base\CApplication.php(180): CWebApplication->processRequest()
#2 D:\xampp\htdocs\bluesms\index.php(13): CApplication->run()
#3 {main}
REQUEST_URI=/bluesms/0/prCalendar
HTTP_REFERER=http://localhost:8080/bluesms/Members/default/view/id/1
---
2015/12/09 22:30:13 [error] [exception.CHttpException.404] exception 'CHttpException' with message 'Unable to resolve the request "0/prCalendar".' in D:\xampp\htdocs\bluesms\yii\framework\web\CWebApplication.php:286
Stack trace:
#0 D:\xampp\htdocs\bluesms\yii\framework\web\CWebApplication.php(141): CWebApplication->runController('0/prCalendar')
#1 D:\xampp\htdocs\bluesms\yii\framework\base\CApplication.php(180): CWebApplication->processRequest()
#2 D:\xampp\htdocs\bluesms\index.php(13): CApplication->run()
#3 {main}
REQUEST_URI=/bluesms/0/prCalendar
HTTP_REFERER=http://localhost:8080/bluesms/
---
2015/12/09 22:30:25 [error] [exception.CHttpException.404] exception 'CHttpException' with message 'Unable to resolve the request "0/prCalendar".' in D:\xampp\htdocs\bluesms\yii\framework\web\CWebApplication.php:286
Stack trace:
#0 D:\xampp\htdocs\bluesms\yii\framework\web\CWebApplication.php(141): CWebApplication->runController('0/prCalendar')
#1 D:\xampp\htdocs\bluesms\yii\framework\base\CApplication.php(180): CWebApplication->processRequest()
#2 D:\xampp\htdocs\bluesms\index.php(13): CApplication->run()
#3 {main}
REQUEST_URI=/bluesms/0/prCalendar
HTTP_REFERER=http://localhost:8080/bluesms/0/prCalendar
---
2015/12/09 22:41:06 [error] [exception.CException] exception 'CException' with message 'Property "Members.pr_member_profile_display_name" is not defined.' in D:\xampp\htdocs\bluesms\yii\framework\base\CComponent.php:130
Stack trace:
#0 D:\xampp\htdocs\bluesms\yii\framework\db\ar\CActiveRecord.php(145): CComponent->__get('pr_member_profi...')
#1 D:\xampp\htdocs\bluesms\yii\framework\web\helpers\CHtml.php(2529): CActiveRecord->__get('pr_member_profi...')
#2 D:\xampp\htdocs\bluesms\yii\framework\web\helpers\CHtml.php(2252): CHtml::resolveValue(Object(Members), 'pr_member_profi...')
#3 D:\xampp\htdocs\bluesms\yii\framework\web\helpers\CHtml.php(1434): CHtml::activeInputField('text', Object(Members), 'pr_member_profi...', Array)
#4 D:\xampp\htdocs\bluesms\yii\framework\web\widgets\CActiveForm.php(725): CHtml::activeTextField(Object(Members), 'pr_member_profi...', Array)
#5 D:\xampp\htdocs\bluesms\protected\extensions\bootstrap\widgets\input\TbInputHorizontal.php(181): CActiveForm->textField(Object(Members), 'pr_member_profi...', Array)
#6 D:\xampp\htdocs\bluesms\protected\extensions\bootstrap\widgets\input\TbInput.php(230): TbInputHorizontal->textField()
#7 D:\xampp\htdocs\bluesms\protected\extensions\bootstrap\widgets\input\TbInputHorizontal.php(24): TbInput->run()
#8 D:\xampp\htdocs\bluesms\yii\framework\web\CBaseController.php(173): TbInputHorizontal->run()
#9 D:\xampp\htdocs\bluesms\protected\extensions\bootstrap\widgets\TbActiveForm.php(497): CBaseController->widget('bootstrap.widge...', Array)
#10 D:\xampp\htdocs\bluesms\protected\extensions\bootstrap\widgets\TbActiveForm.php(186): TbActiveForm->inputRow('text', Object(Members), 'pr_member_profi...', NULL, Array)
#11 D:\xampp\htdocs\bluesms\protected\modules\Members\views\default\_form_update_information.php(27): TbActiveForm->textFieldRow(Object(Members), 'pr_member_profi...', Array)
#12 D:\xampp\htdocs\bluesms\yii\framework\web\CBaseController.php(126): require('D:\xampp\htdocs...')
#13 D:\xampp\htdocs\bluesms\yii\framework\web\CBaseController.php(95): CBaseController->renderInternal('D:\xampp\htdocs...', Array, true)
#14 D:\xampp\htdocs\bluesms\yii\framework\web\CController.php(869): CBaseController->renderFile('D:\xampp\htdocs...', Array, true)
#15 D:\xampp\htdocs\bluesms\yii\framework\web\CController.php(782): CController->renderPartial('_form_update_in...', Array, true)
#16 D:\xampp\htdocs\bluesms\protected\modules\Members\controllers\DefaultController.php(331): CController->render('_form_update_in...', Array)
#17 [internal function]: DefaultController->actionUpdateInformation('1')
#18 D:\xampp\htdocs\bluesms\yii\framework\web\actions\CAction.php(108): ReflectionMethod->invokeArgs(Object(DefaultController), Array)
#19 D:\xampp\htdocs\bluesms\yii\framework\web\actions\CInlineAction.php(47): CAction->runWithParamsInternal(Object(DefaultController), Object(ReflectionMethod), Array)
#20 D:\xampp\htdocs\bluesms\yii\framework\web\CController.php(308): CInlineAction->runWithParams(Array)
#21 D:\xampp\htdocs\bluesms\yii\framework\web\filters\CFilterChain.php(133): CController->runAction(Object(CInlineAction))
#22 D:\xampp\htdocs\bluesms\yii\framework\web\filters\CFilter.php(40): CFilterChain->run()
#23 D:\xampp\htdocs\bluesms\yii\framework\web\CController.php(1145): CFilter->filter(Object(CFilterChain))
#24 D:\xampp\htdocs\bluesms\yii\framework\web\filters\CInlineFilter.php(58): CController->filterAccessControl(Object(CFilterChain))
#25 D:\xampp\htdocs\bluesms\yii\framework\web\filters\CFilterChain.php(130): CInlineFilter->filter(Object(CFilterChain))
#26 D:\xampp\htdocs\bluesms\yii\framework\web\CController.php(291): CFilterChain->run()
#27 D:\xampp\htdocs\bluesms\yii\framework\web\CController.php(265): CController->runActionWithFilters(Object(CInlineAction), Array)
#28 D:\xampp\htdocs\bluesms\yii\framework\web\CWebApplication.php(282): CController->run('updateInformati...')
#29 D:\xampp\htdocs\bluesms\yii\framework\web\CWebApplication.php(141): CWebApplication->runController('Members/default...')
#30 D:\xampp\htdocs\bluesms\yii\framework\base\CApplication.php(180): CWebApplication->processRequest()
#31 D:\xampp\htdocs\bluesms\index.php(13): CApplication->run()
#32 {main}
REQUEST_URI=/bluesms/Members/default/updateInformation/id/1
HTTP_REFERER=http://localhost:8080/bluesms/Members/default/view/id/1
---
2015/12/09 22:41:23 [error] [exception.CException] exception 'CException' with message 'Property "MemberProfile.pr_roles_id" is not defined.' in D:\xampp\htdocs\bluesms\yii\framework\base\CComponent.php:130
Stack trace:
#0 D:\xampp\htdocs\bluesms\yii\framework\db\ar\CActiveRecord.php(145): CComponent->__get('pr_roles_id')
#1 D:\xampp\htdocs\bluesms\yii\framework\web\helpers\CHtml.php(2529): CActiveRecord->__get('pr_roles_id')
#2 D:\xampp\htdocs\bluesms\yii\framework\web\helpers\CHtml.php(1802): CHtml::resolveValue(Object(MemberProfile), 'pr_roles_id')
#3 D:\xampp\htdocs\bluesms\yii\framework\web\widgets\CActiveForm.php(847): CHtml::activeDropDownList(Object(MemberProfile), 'pr_roles_id', Array, Array)
#4 D:\xampp\htdocs\bluesms\protected\extensions\bootstrap\widgets\input\TbInputHorizontal.php(88): CActiveForm->dropDownList(Object(MemberProfile), 'pr_roles_id', Array, Array)
#5 D:\xampp\htdocs\bluesms\protected\extensions\bootstrap\widgets\input\TbInput.php(201): TbInputHorizontal->dropDownList()
#6 D:\xampp\htdocs\bluesms\protected\extensions\bootstrap\widgets\input\TbInputHorizontal.php(24): TbInput->run()
#7 D:\xampp\htdocs\bluesms\yii\framework\web\CBaseController.php(173): TbInputHorizontal->run()
#8 D:\xampp\htdocs\bluesms\protected\extensions\bootstrap\widgets\TbActiveForm.php(497): CBaseController->widget('bootstrap.widge...', Array)
#9 D:\xampp\htdocs\bluesms\protected\extensions\bootstrap\widgets\TbActiveForm.php(112): TbActiveForm->inputRow('dropdownlist', Object(MemberProfile), 'pr_roles_id', Array, Array)
#10 D:\xampp\htdocs\bluesms\protected\modules\Members\views\default\_form_update_information.php(27): TbActiveForm->dropDownListRow(Object(MemberProfile), 'pr_roles_id', Array)
#11 D:\xampp\htdocs\bluesms\yii\framework\web\CBaseController.php(126): require('D:\xampp\htdocs...')
#12 D:\xampp\htdocs\bluesms\yii\framework\web\CBaseController.php(95): CBaseController->renderInternal('D:\xampp\htdocs...', Array, true)
#13 D:\xampp\htdocs\bluesms\yii\framework\web\CController.php(869): CBaseController->renderFile('D:\xampp\htdocs...', Array, true)
#14 D:\xampp\htdocs\bluesms\yii\framework\web\CController.php(782): CController->renderPartial('_form_update_in...', Array, true)
#15 D:\xampp\htdocs\bluesms\protected\modules\Members\controllers\DefaultController.php(331): CController->render('_form_update_in...', Array)
#16 [internal function]: DefaultController->actionUpdateInformation('1')
#17 D:\xampp\htdocs\bluesms\yii\framework\web\actions\CAction.php(108): ReflectionMethod->invokeArgs(Object(DefaultController), Array)
#18 D:\xampp\htdocs\bluesms\yii\framework\web\actions\CInlineAction.php(47): CAction->runWithParamsInternal(Object(DefaultController), Object(ReflectionMethod), Array)
#19 D:\xampp\htdocs\bluesms\yii\framework\web\CController.php(308): CInlineAction->runWithParams(Array)
#20 D:\xampp\htdocs\bluesms\yii\framework\web\filters\CFilterChain.php(133): CController->runAction(Object(CInlineAction))
#21 D:\xampp\htdocs\bluesms\yii\framework\web\filters\CFilter.php(40): CFilterChain->run()
#22 D:\xampp\htdocs\bluesms\yii\framework\web\CController.php(1145): CFilter->filter(Object(CFilterChain))
#23 D:\xampp\htdocs\bluesms\yii\framework\web\filters\CInlineFilter.php(58): CController->filterAccessControl(Object(CFilterChain))
#24 D:\xampp\htdocs\bluesms\yii\framework\web\filters\CFilterChain.php(130): CInlineFilter->filter(Object(CFilterChain))
#25 D:\xampp\htdocs\bluesms\yii\framework\web\CController.php(291): CFilterChain->run()
#26 D:\xampp\htdocs\bluesms\yii\framework\web\CController.php(265): CController->runActionWithFilters(Object(CInlineAction), Array)
#27 D:\xampp\htdocs\bluesms\yii\framework\web\CWebApplication.php(282): CController->run('updateInformati...')
#28 D:\xampp\htdocs\bluesms\yii\framework\web\CWebApplication.php(141): CWebApplication->runController('Members/default...')
#29 D:\xampp\htdocs\bluesms\yii\framework\base\CApplication.php(180): CWebApplication->processRequest()
#30 D:\xampp\htdocs\bluesms\index.php(13): CApplication->run()
#31 {main}
REQUEST_URI=/bluesms/Members/default/updateInformation/id/1
---
2015/12/09 22:48:20 [error] [exception.CHttpException.404] exception 'CHttpException' with message 'Unable to resolve the request "images/bg.jpg".' in D:\xampp\htdocs\bluesms\yii\framework\web\CWebApplication.php:286
Stack trace:
#0 D:\xampp\htdocs\bluesms\yii\framework\web\CWebApplication.php(141): CWebApplication->runController('images/bg.jpg')
#1 D:\xampp\htdocs\bluesms\yii\framework\base\CApplication.php(180): CWebApplication->processRequest()
#2 D:\xampp\htdocs\bluesms\index.php(13): CApplication->run()
#3 {main}
REQUEST_URI=/bluesms/images/bg.jpg
HTTP_REFERER=http://localhost:8080/bluesms/css/form_login/demo.css
---
2015/12/09 22:50:29 [error] [exception.CHttpException.404] exception 'CHttpException' with message 'Unable to resolve the request "images/bg.jpg".' in D:\xampp\htdocs\bluesms\yii\framework\web\CWebApplication.php:286
Stack trace:
#0 D:\xampp\htdocs\bluesms\yii\framework\web\CWebApplication.php(141): CWebApplication->runController('images/bg.jpg')
#1 D:\xampp\htdocs\bluesms\yii\framework\base\CApplication.php(180): CWebApplication->processRequest()
#2 D:\xampp\htdocs\bluesms\index.php(13): CApplication->run()
#3 {main}
REQUEST_URI=/bluesms/images/bg.jpg
HTTP_REFERER=http://localhost:8080/bluesms/css/form_login/demo.css
---
2015/12/09 22:52:21 [error] [exception.CException] exception 'CException' with message 'Alias "boostrap.widgets.DetailView" is invalid. Make sure it points to an existing directory or file.' in D:\xampp\htdocs\bluesms\yii\framework\YiiBase.php:347
Stack trace:
#0 D:\xampp\htdocs\bluesms\yii\framework\web\CWidgetFactory.php(146): YiiBase::import('boostrap.widget...', true)
#1 D:\xampp\htdocs\bluesms\yii\framework\web\CBaseController.php(146): CWidgetFactory->createWidget(Object(DefaultController), 'boostrap.widget...', Array)
#2 D:\xampp\htdocs\bluesms\yii\framework\web\CBaseController.php(172): CBaseController->createWidget('boostrap.widget...', Array)
#3 D:\xampp\htdocs\bluesms\protected\modules\Members\views\default\view.php(97): CBaseController->widget('boostrap.widget...', Array)
#4 D:\xampp\htdocs\bluesms\yii\framework\web\CBaseController.php(126): require('D:\xampp\htdocs...')
#5 D:\xampp\htdocs\bluesms\yii\framework\web\CBaseController.php(95): CBaseController->renderInternal('D:\xampp\htdocs...', Array, true)
#6 D:\xampp\htdocs\bluesms\yii\framework\web\CController.php(869): CBaseController->renderFile('D:\xampp\htdocs...', Array, true)
#7 D:\xampp\htdocs\bluesms\yii\framework\web\CController.php(782): CController->renderPartial('view', Array, true)
#8 D:\xampp\htdocs\bluesms\protected\components\TBApplication.php(198): CController->render('view', Array, false)
#9 D:\xampp\htdocs\bluesms\protected\modules\Members\controllers\DefaultController.php(57): TBApplication::render(Object(DefaultController), 'view', Array)
#10 [internal function]: DefaultController->actionView('1')
#11 D:\xampp\htdocs\bluesms\yii\framework\web\actions\CAction.php(108): ReflectionMethod->invokeArgs(Object(DefaultController), Array)
#12 D:\xampp\htdocs\bluesms\yii\framework\web\actions\CInlineAction.php(47): CAction->runWithParamsInternal(Object(DefaultController), Object(ReflectionMethod), Array)
#13 D:\xampp\htdocs\bluesms\yii\framework\web\CController.php(308): CInlineAction->runWithParams(Array)
#14 D:\xampp\htdocs\bluesms\yii\framework\web\filters\CFilterChain.php(133): CController->runAction(Object(CInlineAction))
#15 D:\xampp\htdocs\bluesms\yii\framework\web\filters\CFilter.php(40): CFilterChain->run()
#16 D:\xampp\htdocs\bluesms\yii\framework\web\CController.php(1145): CFilter->filter(Object(CFilterChain))
#17 D:\xampp\htdocs\bluesms\yii\framework\web\filters\CInlineFilter.php(58): CController->filterAccessControl(Object(CFilterChain))
#18 D:\xampp\htdocs\bluesms\yii\framework\web\filters\CFilterChain.php(130): CInlineFilter->filter(Object(CFilterChain))
#19 D:\xampp\htdocs\bluesms\yii\framework\web\CController.php(291): CFilterChain->run()
#20 D:\xampp\htdocs\bluesms\yii\framework\web\CController.php(265): CController->runActionWithFilters(Object(CInlineAction), Array)
#21 D:\xampp\htdocs\bluesms\yii\framework\web\CWebApplication.php(282): CController->run('view')
#22 D:\xampp\htdocs\bluesms\yii\framework\web\CWebApplication.php(141): CWebApplication->runController('Members/default...')
#23 D:\xampp\htdocs\bluesms\yii\framework\base\CApplication.php(180): CWebApplication->processRequest()
#24 D:\xampp\htdocs\bluesms\index.php(13): CApplication->run()
#25 {main}
REQUEST_URI=/bluesms/Members/default/view/id/1
---
2015/12/09 22:54:47 [error] [exception.CException] exception 'CException' with message 'Alias "boostrap.widgets.TbDetailView" is invalid. Make sure it points to an existing directory or file.' in D:\xampp\htdocs\bluesms\yii\framework\YiiBase.php:347
Stack trace:
#0 D:\xampp\htdocs\bluesms\yii\framework\web\CWidgetFactory.php(146): YiiBase::import('boostrap.widget...', true)
#1 D:\xampp\htdocs\bluesms\yii\framework\web\CBaseController.php(146): CWidgetFactory->createWidget(Object(DefaultController), 'boostrap.widget...', Array)
#2 D:\xampp\htdocs\bluesms\yii\framework\web\CBaseController.php(172): CBaseController->createWidget('boostrap.widget...', Array)
#3 D:\xampp\htdocs\bluesms\protected\modules\Members\views\default\view.php(97): CBaseController->widget('boostrap.widget...', Array)
#4 D:\xampp\htdocs\bluesms\yii\framework\web\CBaseController.php(126): require('D:\xampp\htdocs...')
#5 D:\xampp\htdocs\bluesms\yii\framework\web\CBaseController.php(95): CBaseController->renderInternal('D:\xampp\htdocs...', Array, true)
#6 D:\xampp\htdocs\bluesms\yii\framework\web\CController.php(869): CBaseController->renderFile('D:\xampp\htdocs...', Array, true)
#7 D:\xampp\htdocs\bluesms\yii\framework\web\CController.php(782): CController->renderPartial('view', Array, true)
#8 D:\xampp\htdocs\bluesms\protected\components\TBApplication.php(198): CController->render('view', Array, false)
#9 D:\xampp\htdocs\bluesms\protected\modules\Members\controllers\DefaultController.php(57): TBApplication::render(Object(DefaultController), 'view', Array)
#10 [internal function]: DefaultController->actionView('1')
#11 D:\xampp\htdocs\bluesms\yii\framework\web\actions\CAction.php(108): ReflectionMethod->invokeArgs(Object(DefaultController), Array)
#12 D:\xampp\htdocs\bluesms\yii\framework\web\actions\CInlineAction.php(47): CAction->runWithParamsInternal(Object(DefaultController), Object(ReflectionMethod), Array)
#13 D:\xampp\htdocs\bluesms\yii\framework\web\CController.php(308): CInlineAction->runWithParams(Array)
#14 D:\xampp\htdocs\bluesms\yii\framework\web\filters\CFilterChain.php(133): CController->runAction(Object(CInlineAction))
#15 D:\xampp\htdocs\bluesms\yii\framework\web\filters\CFilter.php(40): CFilterChain->run()
#16 D:\xampp\htdocs\bluesms\yii\framework\web\CController.php(1145): CFilter->filter(Object(CFilterChain))
#17 D:\xampp\htdocs\bluesms\yii\framework\web\filters\CInlineFilter.php(58): CController->filterAccessControl(Object(CFilterChain))
#18 D:\xampp\htdocs\bluesms\yii\framework\web\filters\CFilterChain.php(130): CInlineFilter->filter(Object(CFilterChain))
#19 D:\xampp\htdocs\bluesms\yii\framework\web\CController.php(291): CFilterChain->run()
#20 D:\xampp\htdocs\bluesms\yii\framework\web\CController.php(265): CController->runActionWithFilters(Object(CInlineAction), Array)
#21 D:\xampp\htdocs\bluesms\yii\framework\web\CWebApplication.php(282): CController->run('view')
#22 D:\xampp\htdocs\bluesms\yii\framework\web\CWebApplication.php(141): CWebApplication->runController('Members/default...')
#23 D:\xampp\htdocs\bluesms\yii\framework\base\CApplication.php(180): CWebApplication->processRequest()
#24 D:\xampp\htdocs\bluesms\index.php(13): CApplication->run()
#25 {main}
REQUEST_URI=/bluesms/Members/default/view/id/1
---
2015/12/09 22:54:48 [error] [exception.CException] exception 'CException' with message 'Alias "boostrap.widgets.TbDetailView" is invalid. Make sure it points to an existing directory or file.' in D:\xampp\htdocs\bluesms\yii\framework\YiiBase.php:347
Stack trace:
#0 D:\xampp\htdocs\bluesms\yii\framework\web\CWidgetFactory.php(146): YiiBase::import('boostrap.widget...', true)
#1 D:\xampp\htdocs\bluesms\yii\framework\web\CBaseController.php(146): CWidgetFactory->createWidget(Object(DefaultController), 'boostrap.widget...', Array)
#2 D:\xampp\htdocs\bluesms\yii\framework\web\CBaseController.php(172): CBaseController->createWidget('boostrap.widget...', Array)
#3 D:\xampp\htdocs\bluesms\protected\modules\Members\views\default\view.php(97): CBaseController->widget('boostrap.widget...', Array)
#4 D:\xampp\htdocs\bluesms\yii\framework\web\CBaseController.php(126): require('D:\xampp\htdocs...')
#5 D:\xampp\htdocs\bluesms\yii\framework\web\CBaseController.php(95): CBaseController->renderInternal('D:\xampp\htdocs...', Array, true)
#6 D:\xampp\htdocs\bluesms\yii\framework\web\CController.php(869): CBaseController->renderFile('D:\xampp\htdocs...', Array, true)
#7 D:\xampp\htdocs\bluesms\yii\framework\web\CController.php(782): CController->renderPartial('view', Array, true)
#8 D:\xampp\htdocs\bluesms\protected\components\TBApplication.php(198): CController->render('view', Array, false)
#9 D:\xampp\htdocs\bluesms\protected\modules\Members\controllers\DefaultController.php(57): TBApplication::render(Object(DefaultController), 'view', Array)
#10 [internal function]: DefaultController->actionView('1')
#11 D:\xampp\htdocs\bluesms\yii\framework\web\actions\CAction.php(108): ReflectionMethod->invokeArgs(Object(DefaultController), Array)
#12 D:\xampp\htdocs\bluesms\yii\framework\web\actions\CInlineAction.php(47): CAction->runWithParamsInternal(Object(DefaultController), Object(ReflectionMethod), Array)
#13 D:\xampp\htdocs\bluesms\yii\framework\web\CController.php(308): CInlineAction->runWithParams(Array)
#14 D:\xampp\htdocs\bluesms\yii\framework\web\filters\CFilterChain.php(133): CController->runAction(Object(CInlineAction))
#15 D:\xampp\htdocs\bluesms\yii\framework\web\filters\CFilter.php(40): CFilterChain->run()
#16 D:\xampp\htdocs\bluesms\yii\framework\web\CController.php(1145): CFilter->filter(Object(CFilterChain))
#17 D:\xampp\htdocs\bluesms\yii\framework\web\filters\CInlineFilter.php(58): CController->filterAccessControl(Object(CFilterChain))
#18 D:\xampp\htdocs\bluesms\yii\framework\web\filters\CFilterChain.php(130): CInlineFilter->filter(Object(CFilterChain))
#19 D:\xampp\htdocs\bluesms\yii\framework\web\CController.php(291): CFilterChain->run()
#20 D:\xampp\htdocs\bluesms\yii\framework\web\CController.php(265): CController->runActionWithFilters(Object(CInlineAction), Array)
#21 D:\xampp\htdocs\bluesms\yii\framework\web\CWebApplication.php(282): CController->run('view')
#22 D:\xampp\htdocs\bluesms\yii\framework\web\CWebApplication.php(141): CWebApplication->runController('Members/default...')
#23 D:\xampp\htdocs\bluesms\yii\framework\base\CApplication.php(180): CWebApplication->processRequest()
#24 D:\xampp\htdocs\bluesms\index.php(13): CApplication->run()
#25 {main}
REQUEST_URI=/bluesms/Members/default/view/id/1
---
2015/12/09 23:00:47 [error] [exception.CHttpException.404] exception 'CHttpException' with message 'Unable to resolve the request "0/prWiki".' in D:\xampp\htdocs\bluesms\yii\framework\web\CWebApplication.php:286
Stack trace:
#0 D:\xampp\htdocs\bluesms\yii\framework\web\CWebApplication.php(141): CWebApplication->runController('0/prWiki')
#1 D:\xampp\htdocs\bluesms\yii\framework\base\CApplication.php(180): CWebApplication->processRequest()
#2 D:\xampp\htdocs\bluesms\index.php(13): CApplication->run()
#3 {main}
REQUEST_URI=/bluesms/0/prWiki
HTTP_REFERER=http://localhost:8080/bluesms/Members
---
2015/12/09 23:00:47 [error] [exception.CHttpException.404] exception 'CHttpException' with message 'Unable to resolve the request "0/prCalendar".' in D:\xampp\htdocs\bluesms\yii\framework\web\CWebApplication.php:286
Stack trace:
#0 D:\xampp\htdocs\bluesms\yii\framework\web\CWebApplication.php(141): CWebApplication->runController('0/prCalendar')
#1 D:\xampp\htdocs\bluesms\yii\framework\base\CApplication.php(180): CWebApplication->processRequest()
#2 D:\xampp\htdocs\bluesms\index.php(13): CApplication->run()
#3 {main}
REQUEST_URI=/bluesms/0/prCalendar
HTTP_REFERER=http://localhost:8080/bluesms/0/prWiki
---
2015/12/09 23:15:20 [error] [exception.CHttpException.404] exception 'CHttpException' with message 'Unable to resolve the request "images/bg.jpg".' in D:\xampp\htdocs\bluesms\yii\framework\web\CWebApplication.php:286
Stack trace:
#0 D:\xampp\htdocs\bluesms\yii\framework\web\CWebApplication.php(141): CWebApplication->runController('images/bg.jpg')
#1 D:\xampp\htdocs\bluesms\yii\framework\base\CApplication.php(180): CWebApplication->processRequest()
#2 D:\xampp\htdocs\bluesms\index.php(13): CApplication->run()
#3 {main}
REQUEST_URI=/bluesms/images/bg.jpg
HTTP_REFERER=http://localhost:8080/bluesms/css/form_login/demo.css
---
2015/12/10 22:47:48 [error] [exception.CHttpException.404] exception 'CHttpException' with message 'Unable to resolve the request "0/prCalendar".' in D:\xampp\htdocs\bluesms\yii\framework\web\CWebApplication.php:286
Stack trace:
#0 D:\xampp\htdocs\bluesms\yii\framework\web\CWebApplication.php(141): CWebApplication->runController('0/prCalendar')
#1 D:\xampp\htdocs\bluesms\yii\framework\base\CApplication.php(180): CWebApplication->processRequest()
#2 D:\xampp\htdocs\bluesms\index.php(13): CApplication->run()
#3 {main}
REQUEST_URI=/bluesms/0/prCalendar
HTTP_REFERER=http://localhost:8080/bluesms/
---
2015/12/10 22:47:49 [error] [exception.CHttpException.404] exception 'CHttpException' with message 'Unable to resolve the request "0/prWiki".' in D:\xampp\htdocs\bluesms\yii\framework\web\CWebApplication.php:286
Stack trace:
#0 D:\xampp\htdocs\bluesms\yii\framework\web\CWebApplication.php(141): CWebApplication->runController('0/prWiki')
#1 D:\xampp\htdocs\bluesms\yii\framework\base\CApplication.php(180): CWebApplication->processRequest()
#2 D:\xampp\htdocs\bluesms\index.php(13): CApplication->run()
#3 {main}
REQUEST_URI=/bluesms/0/prWiki
HTTP_REFERER=http://localhost:8080/bluesms/0/prCalendar
---
2015/12/10 22:47:55 [error] [exception.CHttpException.404] exception 'CHttpException' with message 'Unable to resolve the request "images/bg.jpg".' in D:\xampp\htdocs\bluesms\yii\framework\web\CWebApplication.php:286
Stack trace:
#0 D:\xampp\htdocs\bluesms\yii\framework\web\CWebApplication.php(141): CWebApplication->runController('images/bg.jpg')
#1 D:\xampp\htdocs\bluesms\yii\framework\base\CApplication.php(180): CWebApplication->processRequest()
#2 D:\xampp\htdocs\bluesms\index.php(13): CApplication->run()
#3 {main}
REQUEST_URI=/bluesms/images/bg.jpg
HTTP_REFERER=http://localhost:8080/bluesms/css/form_login/demo.css
---
2015/12/10 22:48:31 [error] [exception.CHttpException.404] exception 'CHttpException' with message 'The system is unable to find the requested action "gii".' in D:\xampp\htdocs\bluesms\yii\framework\web\CController.php:483
Stack trace:
#0 D:\xampp\htdocs\bluesms\yii\framework\web\CController.php(270): CController->missingAction('gii')
#1 D:\xampp\htdocs\bluesms\yii\framework\web\CWebApplication.php(282): CController->run('gii')
#2 D:\xampp\htdocs\bluesms\yii\framework\web\CWebApplication.php(141): CWebApplication->runController('site/gii')
#3 D:\xampp\htdocs\bluesms\yii\framework\base\CApplication.php(180): CWebApplication->processRequest()
#4 D:\xampp\htdocs\bluesms\index.php(13): CApplication->run()
#5 {main}
REQUEST_URI=/bluesms/site/gii
---
2015/12/10 22:55:06 [error] [exception.CHttpException.404] exception 'CHttpException' with message 'Unable to resolve the request "0/prCalendar".' in D:\xampp\htdocs\bluesms\yii\framework\web\CWebApplication.php:286
Stack trace:
#0 D:\xampp\htdocs\bluesms\yii\framework\web\CWebApplication.php(141): CWebApplication->runController('0/prCalendar')
#1 D:\xampp\htdocs\bluesms\yii\framework\base\CApplication.php(180): CWebApplication->processRequest()
#2 D:\xampp\htdocs\bluesms\index.php(13): CApplication->run()
#3 {main}
REQUEST_URI=/bluesms/0/prCalendar
HTTP_REFERER=http://localhost:8080/bluesms/templateSms
---
2015/12/10 22:56:48 [error] [exception.CHttpException.404] exception 'CHttpException' with message 'Unable to resolve the request "0/prCalendar".' in D:\xampp\htdocs\bluesms\yii\framework\web\CWebApplication.php:286
Stack trace:
#0 D:\xampp\htdocs\bluesms\yii\framework\web\CWebApplication.php(141): CWebApplication->runController('0/prCalendar')
#1 D:\xampp\htdocs\bluesms\yii\framework\base\CApplication.php(180): CWebApplication->processRequest()
#2 D:\xampp\htdocs\bluesms\index.php(13): CApplication->run()
#3 {main}
REQUEST_URI=/bluesms/0/prCalendar
HTTP_REFERER=http://localhost:8080/bluesms/0/prCalendar
---
2015/12/10 22:58:34 [error] [exception.CHttpException.404] exception 'CHttpException' with message 'Unable to resolve the request "0/prWiki".' in D:\xampp\htdocs\bluesms\yii\framework\web\CWebApplication.php:286
Stack trace:
#0 D:\xampp\htdocs\bluesms\yii\framework\web\CWebApplication.php(141): CWebApplication->runController('0/prWiki')
#1 D:\xampp\htdocs\bluesms\yii\framework\base\CApplication.php(180): CWebApplication->processRequest()
#2 D:\xampp\htdocs\bluesms\index.php(13): CApplication->run()
#3 {main}
REQUEST_URI=/bluesms/0/prWiki
HTTP_REFERER=http://localhost:8080/bluesms/templatesms/admin
---
2015/12/10 23:50:02 [error] [exception.CHttpException.404] exception 'CHttpException' with message 'Khng th gii quyt yu cu "css/handsontable/pikaday/pikaday.css".' in D:\xampp\htdocs\bluesms\yii\framework\web\CWebApplication.php:286
Stack trace:
#0 D:\xampp\htdocs\bluesms\yii\framework\web\CWebApplication.php(141): CWebApplication->runController('css/handsontabl...')
#1 D:\xampp\htdocs\bluesms\yii\framework\base\CApplication.php(180): CWebApplication->processRequest()
#2 D:\xampp\htdocs\bluesms\index.php(13): CApplication->run()
#3 {main}
REQUEST_URI=/bluesms/css/handsontable/pikaday/pikaday.css
HTTP_REFERER=http://localhost:8080/bluesms/contactCategorie/admin
---
2015/12/10 23:50:08 [error] [exception.CHttpException.404] exception 'CHttpException' with message 'Khng th gii quyt yu cu "css/handsontable/pikaday/pikaday.css".' in D:\xampp\htdocs\bluesms\yii\framework\web\CWebApplication.php:286
Stack trace:
#0 D:\xampp\htdocs\bluesms\yii\framework\web\CWebApplication.php(141): CWebApplication->runController('css/handsontabl...')
#1 D:\xampp\htdocs\bluesms\yii\framework\base\CApplication.php(180): CWebApplication->processRequest()
#2 D:\xampp\htdocs\bluesms\index.php(13): CApplication->run()
#3 {main}
REQUEST_URI=/bluesms/css/handsontable/pikaday/pikaday.css
HTTP_REFERER=http://localhost:8080/bluesms/contactCategorie/create
---
2015/12/10 23:51:32 [error] [exception.CHttpException.404] exception 'CHttpException' with message 'Khng th gii quyt yu cu "css/handsontable/pikaday/pikaday.css".' in D:\xampp\htdocs\bluesms\yii\framework\web\CWebApplication.php:286
Stack trace:
#0 D:\xampp\htdocs\bluesms\yii\framework\web\CWebApplication.php(141): CWebApplication->runController('css/handsontabl...')
#1 D:\xampp\htdocs\bluesms\yii\framework\base\CApplication.php(180): CWebApplication->processRequest()
#2 D:\xampp\htdocs\bluesms\index.php(13): CApplication->run()
#3 {main}
REQUEST_URI=/bluesms/css/handsontable/pikaday/pikaday.css
HTTP_REFERER=http://localhost:8080/bluesms/contactCategorie/create
---
2015/12/10 23:51:59 [error] [exception.CHttpException.404] exception 'CHttpException' with message 'Khng th gii quyt yu cu "css/handsontable/pikaday/pikaday.css".' in D:\xampp\htdocs\bluesms\yii\framework\web\CWebApplication.php:286
Stack trace:
#0 D:\xampp\htdocs\bluesms\yii\framework\web\CWebApplication.php(141): CWebApplication->runController('css/handsontabl...')
#1 D:\xampp\htdocs\bluesms\yii\framework\base\CApplication.php(180): CWebApplication->processRequest()
#2 D:\xampp\htdocs\bluesms\index.php(13): CApplication->run()
#3 {main}
REQUEST_URI=/bluesms/css/handsontable/pikaday/pikaday.css
HTTP_REFERER=http://localhost:8080/bluesms/contactCategorie/create
---
2015/12/11 00:42:13 [error] [php] Trying to get property of non-object (D:\xampp\htdocs\bluesms\protected\models\Contact.php:130)
Stack trace:
#0 D:\xampp\htdocs\bluesms\yii\framework\web\CBaseController.php(95): ContactCategorieController->renderInternal()
#1 D:\xampp\htdocs\bluesms\yii\framework\web\CController.php(869): ContactCategorieController->renderFile()
#2 D:\xampp\htdocs\bluesms\protected\views\contactCategorie\create.php(18): ContactCategorieController->renderPartial()
#3 D:\xampp\htdocs\bluesms\yii\framework\web\CBaseController.php(126): require()
#4 D:\xampp\htdocs\bluesms\yii\framework\web\CBaseController.php(95): ContactCategorieController->renderInternal()
#5 D:\xampp\htdocs\bluesms\yii\framework\web\CController.php(869): ContactCategorieController->renderFile()
#6 D:\xampp\htdocs\bluesms\yii\framework\web\CController.php(782): ContactCategorieController->renderPartial()
#7 D:\xampp\htdocs\bluesms\protected\controllers\ContactCategorieController.php(79): ContactCategorieController->render()
#8 D:\xampp\htdocs\bluesms\yii\framework\web\actions\CInlineAction.php(49): ContactCategorieController->actionCreate()
#9 D:\xampp\htdocs\bluesms\yii\framework\web\CController.php(308): CInlineAction->runWithParams()
#10 D:\xampp\htdocs\bluesms\yii\framework\web\filters\CFilterChain.php(133): ContactCategorieController->runAction()
#11 D:\xampp\htdocs\bluesms\yii\framework\web\filters\CFilter.php(40): CFilterChain->run()
#12 D:\xampp\htdocs\bluesms\yii\framework\web\CController.php(1145): CAccessControlFilter->filter()
#13 D:\xampp\htdocs\bluesms\yii\framework\web\filters\CInlineFilter.php(58): ContactCategorieController->filterAccessControl()
#14 D:\xampp\htdocs\bluesms\yii\framework\web\filters\CFilterChain.php(130): CInlineFilter->filter()
#15 D:\xampp\htdocs\bluesms\yii\framework\web\CController.php(291): CFilterChain->run()
#16 D:\xampp\htdocs\bluesms\yii\framework\web\CController.php(265): ContactCategorieController->runActionWithFilters()
#17 D:\xampp\htdocs\bluesms\yii\framework\web\CWebApplication.php(282): ContactCategorieController->run()
#18 D:\xampp\htdocs\bluesms\yii\framework\web\CWebApplication.php(141): CWebApplication->runController()
#19 D:\xampp\htdocs\bluesms\yii\framework\base\CApplication.php(180): CWebApplication->processRequest()
#20 D:\xampp\htdocs\bluesms\index.php(13): CWebApplication->run()
REQUEST_URI=/bluesms/contactCategorie/create
in D:\xampp\htdocs\bluesms\protected\models\Contact.php (130)
in D:\xampp\htdocs\bluesms\protected\views\contactCategorie\_form.php (51)
in D:\xampp\htdocs\bluesms\protected\views\contactCategorie\create.php (18)
2015/12/11 01:30:18 [error] [php] Undefined variable: datacontact (D:\xampp\htdocs\bluesms\protected\models\Contact.php:140)
Stack trace:
#0 D:\xampp\htdocs\bluesms\yii\framework\web\CBaseController.php(95): ContactCategorieController->renderInternal()
#1 D:\xampp\htdocs\bluesms\yii\framework\web\CController.php(869): ContactCategorieController->renderFile()
#2 D:\xampp\htdocs\bluesms\protected\views\contactCategorie\create.php(18): ContactCategorieController->renderPartial()
#3 D:\xampp\htdocs\bluesms\yii\framework\web\CBaseController.php(126): require()
#4 D:\xampp\htdocs\bluesms\yii\framework\web\CBaseController.php(95): ContactCategorieController->renderInternal()
#5 D:\xampp\htdocs\bluesms\yii\framework\web\CController.php(869): ContactCategorieController->renderFile()
#6 D:\xampp\htdocs\bluesms\yii\framework\web\CController.php(782): ContactCategorieController->renderPartial()
#7 D:\xampp\htdocs\bluesms\protected\controllers\ContactCategorieController.php(79): ContactCategorieController->render()
#8 D:\xampp\htdocs\bluesms\yii\framework\web\actions\CInlineAction.php(49): ContactCategorieController->actionCreate()
#9 D:\xampp\htdocs\bluesms\yii\framework\web\CController.php(308): CInlineAction->runWithParams()
#10 D:\xampp\htdocs\bluesms\yii\framework\web\filters\CFilterChain.php(133): ContactCategorieController->runAction()
#11 D:\xampp\htdocs\bluesms\yii\framework\web\filters\CFilter.php(40): CFilterChain->run()
#12 D:\xampp\htdocs\bluesms\yii\framework\web\CController.php(1145): CAccessControlFilter->filter()
#13 D:\xampp\htdocs\bluesms\yii\framework\web\filters\CInlineFilter.php(58): ContactCategorieController->filterAccessControl()
#14 D:\xampp\htdocs\bluesms\yii\framework\web\filters\CFilterChain.php(130): CInlineFilter->filter()
#15 D:\xampp\htdocs\bluesms\yii\framework\web\CController.php(291): CFilterChain->run()
#16 D:\xampp\htdocs\bluesms\yii\framework\web\CController.php(265): ContactCategorieController->runActionWithFilters()
#17 D:\xampp\htdocs\bluesms\yii\framework\web\CWebApplication.php(282): ContactCategorieController->run()
#18 D:\xampp\htdocs\bluesms\yii\framework\web\CWebApplication.php(141): CWebApplication->runController()
#19 D:\xampp\htdocs\bluesms\yii\framework\base\CApplication.php(180): CWebApplication->processRequest()
#20 D:\xampp\htdocs\bluesms\index.php(13): CWebApplication->run()
REQUEST_URI=/bluesms/contactCategorie/create
in D:\xampp\htdocs\bluesms\protected\models\Contact.php (140)
in D:\xampp\htdocs\bluesms\protected\views\contactCategorie\_form.php (51)
in D:\xampp\htdocs\bluesms\protected\views\contactCategorie\create.php (18)
2015/12/11 01:55:48 [error] [php] Undefined variable: htmlOptions (D:\xampp\htdocs\bluesms\protected\views\contactCategorie\_form.php:19)
Stack trace:
#0 D:\xampp\htdocs\bluesms\yii\framework\web\CController.php(869): ContactCategorieController->renderFile()
#1 D:\xampp\htdocs\bluesms\protected\views\contactCategorie\create.php(18): ContactCategorieController->renderPartial()
#2 D:\xampp\htdocs\bluesms\yii\framework\web\CBaseController.php(126): require()
#3 D:\xampp\htdocs\bluesms\yii\framework\web\CBaseController.php(95): ContactCategorieController->renderInternal()
#4 D:\xampp\htdocs\bluesms\yii\framework\web\CController.php(869): ContactCategorieController->renderFile()
#5 D:\xampp\htdocs\bluesms\yii\framework\web\CController.php(782): ContactCategorieController->renderPartial()
#6 D:\xampp\htdocs\bluesms\protected\controllers\ContactCategorieController.php(79): ContactCategorieController->render()
#7 D:\xampp\htdocs\bluesms\yii\framework\web\actions\CInlineAction.php(49): ContactCategorieController->actionCreate()
#8 D:\xampp\htdocs\bluesms\yii\framework\web\CController.php(308): CInlineAction->runWithParams()
#9 D:\xampp\htdocs\bluesms\yii\framework\web\filters\CFilterChain.php(133): ContactCategorieController->runAction()
#10 D:\xampp\htdocs\bluesms\yii\framework\web\filters\CFilter.php(40): CFilterChain->run()
#11 D:\xampp\htdocs\bluesms\yii\framework\web\CController.php(1145): CAccessControlFilter->filter()
#12 D:\xampp\htdocs\bluesms\yii\framework\web\filters\CInlineFilter.php(58): ContactCategorieController->filterAccessControl()
#13 D:\xampp\htdocs\bluesms\yii\framework\web\filters\CFilterChain.php(130): CInlineFilter->filter()
#14 D:\xampp\htdocs\bluesms\yii\framework\web\CController.php(291): CFilterChain->run()
#15 D:\xampp\htdocs\bluesms\yii\framework\web\CController.php(265): ContactCategorieController->runActionWithFilters()
#16 D:\xampp\htdocs\bluesms\yii\framework\web\CWebApplication.php(282): ContactCategorieController->run()
#17 D:\xampp\htdocs\bluesms\yii\framework\web\CWebApplication.php(141): CWebApplication->runController()
#18 D:\xampp\htdocs\bluesms\yii\framework\base\CApplication.php(180): CWebApplication->processRequest()
#19 D:\xampp\htdocs\bluesms\index.php(13): CWebApplication->run()
REQUEST_URI=/bluesms/contactCategorie/create
in D:\xampp\htdocs\bluesms\protected\views\contactCategorie\_form.php (19)
in D:\xampp\htdocs\bluesms\protected\views\contactCategorie\create.php (18)
in D:\xampp\htdocs\bluesms\protected\controllers\ContactCategorieController.php (79)
